<?xml version="1.0" encoding="UTF-8"?>
<testsuite name="validate product" tests="1" skipped="0" failures="0" errors="0" timestamp="2022-03-15T20:55:58" hostname="QV-2547" time="143.125">
  <properties/>
  <testcase name="validate product" classname="validate product" time="143.125"/>
  <system-out><![CDATA[///////////////////////Sturdy Basic Nylon Dog Collar with Quick Snap Buckle
]]></system-out>
  <system-err><![CDATA[mar 15, 2022 3:56:03 PM org.openqa.selenium.remote.DesiredCapabilities chrome
INFORMACIÓN: Using `new ChromeOptions()` is preferred to `DesiredCapabilities.chrome()`
[Test worker] INFO net.serenitybdd.core.webdriver.driverproviders.ProvideNewDriver - Instantiating driver
[Test worker] INFO net.serenitybdd.core.webdriver.driverproviders.ProvideNewDriver - Driver capabilities: Capabilities {acceptInsecureCerts: false, browserName: chrome, chrome.switches: --lang=es,--disabel-popup-b..., goog:chromeOptions: {args: [--lang=es, --disabel-popup-blocking, --disable.download-notifica..., --start-maximized, --test-type, --disable-extension], extensions: []}, loggingPrefs: org.openqa.selenium.logging..., platform: ANY, version: }
Starting ChromeDriver 98.0.4758.102 (273bf7ac8c909cde36982d27f66f3c70846a3718-refs/branch-heads/4758@{#1151}) on port 47831
Only local connections are allowed.
Please see https://chromedriver.chromium.org/security-considerations for suggestions on keeping ChromeDriver safe.
ChromeDriver was started successfully.
[1647377785.514][WARNING]: This version of ChromeDriver has not been tested with Chrome version 99.
mar 15, 2022 3:56:30 PM org.openqa.selenium.remote.ProtocolHandshake createSession
INFORMACIÓN: Detected dialect: W3C
[Test worker] INFO net.thucydides.core.steps.ConsoleLoggingListener - 
        __    _____ _____ ____ _____   ____   _    ____  ____  _____ ____  
  _     \ \  |_   _| ____/ ___|_   _| |  _ \ / \  / ___|/ ___|| ____|  _ \ 
 (_)_____| |   | | |  _| \___ \ | |   | |_) / _ \ \___ \\___ \|  _| | | | |
  _|_____| |   | | | |___ ___) || |   |  __/ ___ \ ___) |___) | |___| |_| |
 (_)     | |   |_| |_____|____/ |_|   |_| /_/   \_\____/|____/|_____|____/ 
        /_/                                                                

TEST PASSED: validate product
----------------------------------------------------------------------------
]]></system-err>
</testsuite>
